app/build/outputs/logs/manifest-merger-release-report.txt
-- Merging decision tree log ---
manifest
ADDED from src/main/AndroidManifest.xml:2:1-490:12
	package
		ADDED from src/main/AndroidManifest.xml:4:5-48
		INJECTED from src/main/AndroidManifest.xml
		INJECTED from src/main/AndroidManifest.xml
	android:versionName
		INJECTED from src/main/AndroidManifest.xml
		INJECTED from src/main/AndroidManifest.xml
	xmlns:tools
		ADDED from src/main/AndroidManifest.xml:3:5-51
	xmlns:android
		ADDED from src/main/AndroidManifest.xml:2:11-69
	android:versionCode
		INJECTED from src/main/AndroidManifest.xml
		INJECTED from src/main/AndroidManifest.xml
uses-sdk
ADDED from src/main/AndroidManifest.xml:6:5-8:41
MERGED from [com.android.support:leanback-v17:25.4.0] AndroidManifest.xml:20:5-44
MERGED from [com.android.support:recyclerview-v7:25.4.0] AndroidManifest.xml:20:5-43
MERGED from [com.anggrayudi:android-hidden-api:0.0.7] AndroidManifest.xml:8:5-10:41
MERGED from [com.android.support:support-v4:25.4.0] AndroidManifest.xml:21:5-23:54
MERGED from [com.android.support:support-fragment:25.4.0] AndroidManifest.xml:21:5-23:60
MERGED from [com.android.support:support-media-compat:25.4.0] AndroidManifest.xml:21:5-23:63
MERGED from [com.android.support:support-core-ui:25.4.0] AndroidManifest.xml:21:5-23:58
MERGED from [com.android.support:support-core-utils:25.4.0] AndroidManifest.xml:21:5-23:61
MERGED from [com.android.support:support-compat:25.4.0] AndroidManifest.xml:21:5-23:58
	tools:overrideLibrary
		ADDED from [com.android.support:support-v4:25.4.0] AndroidManifest.xml:23:9-51
	android:targetSdkVersion
		ADDED from src/main/AndroidManifest.xml:8:9-38
		INJECTED from src/main/AndroidManifest.xml
		INJECTED from src/main/AndroidManifest.xml
	android:minSdkVersion
		ADDED from src/main/AndroidManifest.xml:7:9-35
		INJECTED from src/main/AndroidManifest.xml
		INJECTED from src/main/AndroidManifest.xml
uses-feature#android.hardware.bluetooth
ADDED from src/main/AndroidManifest.xml:10:5-12:36
	android:required
		ADDED from src/main/AndroidManifest.xml:12:9-33
	android:name
		ADDED from src/main/AndroidManifest.xml:11:9-50
uses-feature#android.software.leanback
ADDED from src/main/AndroidManifest.xml:13:5-15:36
	android:required
		ADDED from src/main/AndroidManifest.xml:15:9-33
	android:name
		ADDED from src/main/AndroidManifest.xml:14:9-49
uses-feature#android.hardware.touchscreen
ADDED from src/main/AndroidManifest.xml:16:5-18:36
	android:required
		ADDED from src/main/AndroidManifest.xml:18:9-33
	android:name
		ADDED from src/main/AndroidManifest.xml:17:9-52
uses-permission#android.permission.ACCESS_WIFI_STATE
ADDED from src/main/AndroidManifest.xml:20:5-76
	android:name
		ADDED from src/main/AndroidManifest.xml:20:22-73
uses-permission#android.permission.ACCESS_NETWORK_STATE
ADDED from src/main/AndroidManifest.xml:21:5-79
	android:name
		ADDED from src/main/AndroidManifest.xml:21:22-76
uses-permission#android.permission.BLUETOOTH
ADDED from src/main/AndroidManifest.xml:23:5-68
	android:name
		ADDED from src/main/AndroidManifest.xml:23:22-65
uses-permission#android.permission.BLUETOOTH_ADMIN
ADDED from src/main/AndroidManifest.xml:24:5-74
	android:name
		ADDED from src/main/AndroidManifest.xml:24:22-71
uses-permission#android.permission.CHANGE_WIFI_STATE
ADDED from src/main/AndroidManifest.xml:26:5-76
	android:name
		ADDED from src/main/AndroidManifest.xml:26:22-73
uses-permission#android.permission.DUMP
ADDED from src/main/AndroidManifest.xml:29:5-31:47
	tools:ignore
		ADDED from src/main/AndroidManifest.xml:31:9-44
	android:name
		ADDED from src/main/AndroidManifest.xml:30:9-47
uses-permission#android.permission.GET_APP_OPS_STATS
ADDED from src/main/AndroidManifest.xml:32:5-76
	android:name
		ADDED from src/main/AndroidManifest.xml:32:22-73
uses-permission#android.permission.GET_ACCOUNTS
ADDED from src/main/AndroidManifest.xml:34:5-71
	android:name
		ADDED from src/main/AndroidManifest.xml:34:22-68
uses-permission#android.permission.GET_PACKAGE_SIZE
ADDED from src/main/AndroidManifest.xml:35:5-75
	android:name
		ADDED from src/main/AndroidManifest.xml:35:22-72
uses-permission#android.permission.INTERACT_ACROSS_USERS
ADDED from src/main/AndroidManifest.xml:37:5-80
	android:name
		ADDED from src/main/AndroidManifest.xml:37:22-77
uses-permission#android.permission.INTERNET
ADDED from src/main/AndroidManifest.xml:38:5-67
	android:name
		ADDED from src/main/AndroidManifest.xml:38:22-64
uses-permission#android.permission.MANAGE_ACCOUNTS
ADDED from src/main/AndroidManifest.xml:39:5-74
	android:name
		ADDED from src/main/AndroidManifest.xml:39:22-71
uses-permission#android.permission.READ_CONTACTS
ADDED from src/main/AndroidManifest.xml:40:5-72
	android:name
		ADDED from src/main/AndroidManifest.xml:40:22-69
uses-permission#android.permission.READ_SYNC_SETTINGS
ADDED from src/main/AndroidManifest.xml:41:5-77
	android:name
		ADDED from src/main/AndroidManifest.xml:41:22-74
uses-permission#android.permission.READ_EXTERNAL_STORAGE
ADDED from src/main/AndroidManifest.xml:43:5-80
	android:name
		ADDED from src/main/AndroidManifest.xml:43:22-77
uses-permission#android.permission.READ_SYNC_STATS
ADDED from src/main/AndroidManifest.xml:44:5-74
	android:name
		ADDED from src/main/AndroidManifest.xml:44:22-71
uses-permission#android.permission.RECEIVE_BOOT_COMPLETED
ADDED from src/main/AndroidManifest.xml:47:5-81
	android:name
		ADDED from src/main/AndroidManifest.xml:47:22-78
uses-permission#android.permission.SET_TIME_ZONE
ADDED from src/main/AndroidManifest.xml:50:5-72
	android:name
		ADDED from src/main/AndroidManifest.xml:50:22-69
uses-permission#android.permission.WRITE_SETTINGS
ADDED from src/main/AndroidManifest.xml:51:5-73
	android:name
		ADDED from src/main/AndroidManifest.xml:51:22-70
uses-permission#android.permission.READ_DREAM_STATE
ADDED from src/main/AndroidManifest.xml:52:5-75
	android:name
		ADDED from src/main/AndroidManifest.xml:52:22-72
uses-permission#android.permission.WRITE_DREAM_STATE
ADDED from src/main/AndroidManifest.xml:53:5-76
	android:name
		ADDED from src/main/AndroidManifest.xml:53:22-73
uses-permission#android.permission.WRITE_SECURE_SETTINGS
ADDED from src/main/AndroidManifest.xml:55:5-57:47
	tools:ignore
		ADDED from src/main/AndroidManifest.xml:57:9-44
	android:name
		ADDED from src/main/AndroidManifest.xml:56:9-64
uses-permission#android.permission.WRITE_SYNC_SETTINGS
ADDED from src/main/AndroidManifest.xml:59:5-78
	android:name
		ADDED from src/main/AndroidManifest.xml:59:22-75
application
ADDED from src/main/AndroidManifest.xml:61:5-488:19
MERGED from [com.android.support:leanback-v17:25.4.0] AndroidManifest.xml:22:5-26:19
MERGED from [com.android.support:recyclerview-v7:25.4.0] AndroidManifest.xml:22:5-26:19
MERGED from [com.anggrayudi:android-hidden-api:0.0.7] AndroidManifest.xml:12:5-20
MERGED from [com.android.support:support-v4:25.4.0] AndroidManifest.xml:25:5-29:19
MERGED from [com.android.support:support-fragment:25.4.0] AndroidManifest.xml:25:5-29:19
MERGED from [com.android.support:support-media-compat:25.4.0] AndroidManifest.xml:25:5-29:19
MERGED from [com.android.support:support-core-ui:25.4.0] AndroidManifest.xml:25:5-29:19
MERGED from [com.android.support:support-core-utils:25.4.0] AndroidManifest.xml:25:5-29:19
MERGED from [com.android.support:support-compat:25.4.0] AndroidManifest.xml:25:5-29:19
	android:label
		ADDED from src/main/AndroidManifest.xml:64:9-50
	android:icon
		ADDED from src/main/AndroidManifest.xml:63:9-54
	android:banner
		ADDED from src/main/AndroidManifest.xml:62:9-63
	android:theme
		ADDED from src/main/AndroidManifest.xml:65:9-46
activity#com.rockon999.android.tv.settings.MainSettings
ADDED from src/main/AndroidManifest.xml:67:9-87:20
	android:label
		ADDED from src/main/AndroidManifest.xml:70:13-54
	android:configChanges
		ADDED from src/main/AndroidManifest.xml:69:13-71
	android:name
		ADDED from src/main/AndroidManifest.xml:68:13-41
intent-filter#android.intent.action.MAIN+android.intent.category.DEFAULT+android.settings.SETTINGS
ADDED from src/main/AndroidManifest.xml:71:13-76:29
action#android.intent.action.MAIN
ADDED from src/main/AndroidManifest.xml:72:17-69
	android:name
		ADDED from src/main/AndroidManifest.xml:72:25-66
action#android.settings.SETTINGS
ADDED from src/main/AndroidManifest.xml:73:17-68
	android:name
		ADDED from src/main/AndroidManifest.xml:73:25-65
category#android.intent.category.DEFAULT
ADDED from src/main/AndroidManifest.xml:75:17-76
	android:name
		ADDED from src/main/AndroidManifest.xml:75:27-73
intent-filter#android.intent.action.MAIN+android.intent.category.LEANBACK_SETTINGS
ADDED from src/main/AndroidManifest.xml:80:13-86:29
	android:label
		ADDED from src/main/AndroidManifest.xml:82:17-67
	android:priority
		ADDED from src/main/AndroidManifest.xml:83:17-37
	android:icon
		ADDED from src/main/AndroidManifest.xml:81:17-67
category#android.intent.category.LEANBACK_SETTINGS
ADDED from src/main/AndroidManifest.xml:85:17-86
	android:name
		ADDED from src/main/AndroidManifest.xml:85:27-83
activity#com.rockon999.android.tv.settings.connectivity.setup.WifiSetupActivity
ADDED from src/main/AndroidManifest.xml:91:9-103:20
	android:clearTaskOnLaunch
		ADDED from src/main/AndroidManifest.xml:93:13-45
	android:configChanges
		ADDED from src/main/AndroidManifest.xml:94:13-71
	android:name
		ADDED from src/main/AndroidManifest.xml:92:13-65
intent-filter#android.intent.action.MAIN+android.intent.category.DEFAULT+com.android.net.wifi.CANVAS_SETUP_WIFI_NETWORK+com.android.net.wifi.SETUP_WIFI_NETWORK
ADDED from src/main/AndroidManifest.xml:95:13-102:29
action#com.android.net.wifi.SETUP_WIFI_NETWORK
ADDED from src/main/AndroidManifest.xml:97:17-82
	android:name
		ADDED from src/main/AndroidManifest.xml:97:25-79
action#com.android.net.wifi.CANVAS_SETUP_WIFI_NETWORK
ADDED from src/main/AndroidManifest.xml:99:17-89
	android:name
		ADDED from src/main/AndroidManifest.xml:99:25-86
activity#com.rockon999.android.tv.settings.connectivity.WifiConnectionActivity
ADDED from src/main/AndroidManifest.xml:104:9-109:70
	android:clearTaskOnLaunch
		ADDED from src/main/AndroidManifest.xml:106:13-45
	android:exported
		ADDED from src/main/AndroidManifest.xml:108:13-36
	android:configChanges
		ADDED from src/main/AndroidManifest.xml:107:13-71
	android:theme
		ADDED from src/main/AndroidManifest.xml:109:13-67
	android:name
		ADDED from src/main/AndroidManifest.xml:105:13-64
activity#com.rockon999.android.tv.settings.connectivity.EditProxySettingsActivity
ADDED from src/main/AndroidManifest.xml:110:9-114:70
	android:clearTaskOnLaunch
		ADDED from src/main/AndroidManifest.xml:112:13-45
	android:configChanges
		ADDED from src/main/AndroidManifest.xml:113:13-71
	android:theme
		ADDED from src/main/AndroidManifest.xml:114:13-67
	android:name
		ADDED from src/main/AndroidManifest.xml:111:13-67
activity#com.rockon999.android.tv.settings.connectivity.EditIpSettingsActivity
ADDED from src/main/AndroidManifest.xml:115:9-119:70
	android:clearTaskOnLaunch
		ADDED from src/main/AndroidManifest.xml:117:13-45
	android:configChanges
		ADDED from src/main/AndroidManifest.xml:118:13-71
	android:theme
		ADDED from src/main/AndroidManifest.xml:119:13-67
	android:name
		ADDED from src/main/AndroidManifest.xml:116:13-64
activity#com.rockon999.android.tv.settings.connectivity.AddWifiNetworkActivity
ADDED from src/main/AndroidManifest.xml:120:9-125:70
	android:clearTaskOnLaunch
		ADDED from src/main/AndroidManifest.xml:122:13-45
	android:exported
		ADDED from src/main/AndroidManifest.xml:124:13-36
	android:configChanges
		ADDED from src/main/AndroidManifest.xml:123:13-71
	android:theme
		ADDED from src/main/AndroidManifest.xml:125:13-67
	android:name
		ADDED from src/main/AndroidManifest.xml:121:13-64
activity#com.rockon999.android.tv.settings.connectivity.WifiNetworksActivity
ADDED from src/main/AndroidManifest.xml:126:9-129:39
	android:exported
		ADDED from src/main/AndroidManifest.xml:129:13-36
	android:configChanges
		ADDED from src/main/AndroidManifest.xml:128:13-71
	android:name
		ADDED from src/main/AndroidManifest.xml:127:13-62
activity#com.rockon999.android.tv.settings.connectivity.WpsConnectionActivity
ADDED from src/main/AndroidManifest.xml:132:9-135:39
	android:exported
		ADDED from src/main/AndroidManifest.xml:135:13-36
	android:configChanges
		ADDED from src/main/AndroidManifest.xml:134:13-71
	android:name
		ADDED from src/main/AndroidManifest.xml:133:13-63
activity#com.rockon999.android.tv.settings.accounts.AccountSettingsActivity
ADDED from src/main/AndroidManifest.xml:136:9-145:20
	android:exported
		ADDED from src/main/AndroidManifest.xml:139:13-36
	android:configChanges
		ADDED from src/main/AndroidManifest.xml:138:13-71
	android:name
		ADDED from src/main/AndroidManifest.xml:137:13-61
intent-filter#android.intent.category.DEFAULT+android.settings.ADD_ACCOUNT_SETTINGS
ADDED from src/main/AndroidManifest.xml:140:13-144:29
action#android.settings.ADD_ACCOUNT_SETTINGS
ADDED from src/main/AndroidManifest.xml:141:17-80
	android:name
		ADDED from src/main/AndroidManifest.xml:141:25-77
activity#com.rockon999.android.tv.settings.accounts.AccountSyncSettings
ADDED from src/main/AndroidManifest.xml:146:9-156:20
	android:exported
		ADDED from src/main/AndroidManifest.xml:149:13-36
	android:configChanges
		ADDED from src/main/AndroidManifest.xml:148:13-71
	android:name
		ADDED from src/main/AndroidManifest.xml:147:13-57
intent-filter#android.intent.action.MAIN+android.intent.category.DEFAULT+android.settings.ACCOUNT_SYNC_SETTINGS
ADDED from src/main/AndroidManifest.xml:150:13-155:29
action#android.settings.ACCOUNT_SYNC_SETTINGS
ADDED from src/main/AndroidManifest.xml:152:17-81
	android:name
		ADDED from src/main/AndroidManifest.xml:152:25-78
activity#com.rockon999.android.tv.settings.accounts.RemoveAccountDialog
ADDED from src/main/AndroidManifest.xml:157:9-159:74
	android:configChanges
		ADDED from src/main/AndroidManifest.xml:159:13-71
	android:name
		ADDED from src/main/AndroidManifest.xml:158:13-57
activity#com.rockon999.android.tv.settings.accounts.AddAccountWithTypeActivity
ADDED from src/main/AndroidManifest.xml:160:9-162:39
	android:exported
		ADDED from src/main/AndroidManifest.xml:162:13-36
	android:name
		ADDED from src/main/AndroidManifest.xml:161:13-64
activity#com.rockon999.android.tv.settings.device.apps.AppsActivity
ADDED from src/main/AndroidManifest.xml:163:9-177:20
	android:exported
		ADDED from src/main/AndroidManifest.xml:166:13-36
	android:configChanges
		ADDED from src/main/AndroidManifest.xml:165:13-71
	android:name
		ADDED from src/main/AndroidManifest.xml:164:13-53
intent-filter#android.intent.action.MAIN+android.intent.category.DEFAULT+android.intent.category.VOICE_LAUNCH+android.settings.APPLICATION_SETTINGS+android.settings.MANAGE_ALL_APPLICATIONS_SETTINGS+android.settings.MANAGE_APPLICATIONS_SETTINGS+com.android.settings.SHORTCUT
ADDED from src/main/AndroidManifest.xml:167:13-176:29
action#android.settings.APPLICATION_SETTINGS
ADDED from src/main/AndroidManifest.xml:169:17-80
	android:name
		ADDED from src/main/AndroidManifest.xml:169:25-77
action#android.settings.MANAGE_APPLICATIONS_SETTINGS
ADDED from src/main/AndroidManifest.xml:170:17-88
	android:name
		ADDED from src/main/AndroidManifest.xml:170:25-85
action#android.settings.MANAGE_ALL_APPLICATIONS_SETTINGS
ADDED from src/main/AndroidManifest.xml:171:17-92
	android:name
		ADDED from src/main/AndroidManifest.xml:171:25-89
category#android.intent.category.VOICE_LAUNCH
ADDED from src/main/AndroidManifest.xml:174:17-81
	android:name
		ADDED from src/main/AndroidManifest.xml:174:27-78
category#com.android.settings.SHORTCUT
ADDED from src/main/AndroidManifest.xml:175:17-74
	android:name
		ADDED from src/main/AndroidManifest.xml:175:27-71
activity#com.rockon999.android.tv.settings.device.apps.AppManagementActivity
ADDED from src/main/AndroidManifest.xml:178:9-181:39
	android:exported
		ADDED from src/main/AndroidManifest.xml:181:13-36
	android:configChanges
		ADDED from src/main/AndroidManifest.xml:180:13-71
	android:name
		ADDED from src/main/AndroidManifest.xml:179:13-62
activity#com.rockon999.android.tv.settings.device.storage.StorageActivity
ADDED from src/main/AndroidManifest.xml:182:9-185:39
	android:exported
		ADDED from src/main/AndroidManifest.xml:185:13-36
	android:configChanges
		ADDED from src/main/AndroidManifest.xml:184:13-71
	android:name
		ADDED from src/main/AndroidManifest.xml:183:13-59
activity#com.rockon999.android.tv.settings.device.storage.StorageResetActivity
ADDED from src/main/AndroidManifest.xml:186:9-189:39
	android:exported
		ADDED from src/main/AndroidManifest.xml:189:13-36
	android:configChanges
		ADDED from src/main/AndroidManifest.xml:188:13-71
	android:name
		ADDED from src/main/AndroidManifest.xml:187:13-64
activity#com.rockon999.android.tv.settings.connectivity.NetworkActivity
ADDED from src/main/AndroidManifest.xml:190:9-211:20
	android:exported
		ADDED from src/main/AndroidManifest.xml:193:13-36
	android:configChanges
		ADDED from src/main/AndroidManifest.xml:192:13-71
	android:name
		ADDED from src/main/AndroidManifest.xml:191:13-57
intent-filter#android.intent.category.DEFAULT+android.intent.category.LEANBACK_SETTINGS+android.settings.WIFI_SETTINGS
ADDED from src/main/AndroidManifest.xml:205:13-210:29
action#android.settings.WIFI_SETTINGS
ADDED from src/main/AndroidManifest.xml:206:17-73
	android:name
		ADDED from src/main/AndroidManifest.xml:206:25-70
activity#com.rockon999.android.tv.settings.users.RestrictedProfileActivity
ADDED from src/main/AndroidManifest.xml:212:9-216:70
	android:exported
		ADDED from src/main/AndroidManifest.xml:215:13-36
	android:configChanges
		ADDED from src/main/AndroidManifest.xml:214:13-71
	android:theme
		ADDED from src/main/AndroidManifest.xml:216:13-67
	android:name
		ADDED from src/main/AndroidManifest.xml:213:13-60
activity-alias#com.rockon999.android.tv.settings.users.RestrictedProfileActivityLauncherEntry
ADDED from src/main/AndroidManifest.xml:218:9-236:26
	android:enabled
		ADDED from src/main/AndroidManifest.xml:220:13-36
	android:exported
		ADDED from src/main/AndroidManifest.xml:221:13-36
	android:targetActivity
		ADDED from src/main/AndroidManifest.xml:222:13-70
	android:name
		ADDED from src/main/AndroidManifest.xml:219:13-73
activity#com.rockon999.android.tv.settings.device.sound.SoundActivity
ADDED from src/main/AndroidManifest.xml:238:9-251:20
	android:exported
		ADDED from src/main/AndroidManifest.xml:241:13-36
	android:configChanges
		ADDED from src/main/AndroidManifest.xml:240:13-71
	android:name
		ADDED from src/main/AndroidManifest.xml:239:13-55
intent-filter#android.intent.action.MAIN+android.intent.category.DEFAULT+android.intent.category.VOICE_LAUNCH+android.settings.SOUND_SETTINGS+com.android.settings.SHORTCUT+com.android.settings.SOUND_SETTINGS
ADDED from src/main/AndroidManifest.xml:242:13-250:29
action#com.android.settings.SOUND_SETTINGS
ADDED from src/main/AndroidManifest.xml:244:17-78
	android:name
		ADDED from src/main/AndroidManifest.xml:244:25-75
action#android.settings.SOUND_SETTINGS
ADDED from src/main/AndroidManifest.xml:245:17-74
	android:name
		ADDED from src/main/AndroidManifest.xml:245:25-71
activity#com.rockon999.android.tv.settings.device.display.DisplayActivity
ADDED from src/main/AndroidManifest.xml:252:9-265:20
	android:exported
		ADDED from src/main/AndroidManifest.xml:255:13-36
	android:configChanges
		ADDED from src/main/AndroidManifest.xml:254:13-71
	android:name
		ADDED from src/main/AndroidManifest.xml:253:13-59
intent-filter#android.intent.action.MAIN+android.intent.category.DEFAULT+android.intent.category.VOICE_LAUNCH+android.settings.DISPLAY_SETTINGS+com.android.settings.DISPLAY_SETTINGS+com.android.settings.SHORTCUT
ADDED from src/main/AndroidManifest.xml:256:13-264:29
action#com.android.settings.DISPLAY_SETTINGS
ADDED from src/main/AndroidManifest.xml:258:17-80
	android:name
		ADDED from src/main/AndroidManifest.xml:258:25-77
action#android.settings.DISPLAY_SETTINGS
ADDED from src/main/AndroidManifest.xml:259:17-76
	android:name
		ADDED from src/main/AndroidManifest.xml:259:25-73
activity#com.rockon999.android.tv.settings.device.display.widi.WifiDisplayActivity
ADDED from src/main/AndroidManifest.xml:266:9-269:39
	android:exported
		ADDED from src/main/AndroidManifest.xml:269:13-36
	android:configChanges
		ADDED from src/main/AndroidManifest.xml:268:13-71
	android:name
		ADDED from src/main/AndroidManifest.xml:267:13-68
activity#com.rockon999.android.tv.settings.device.display.wallpaper.WallpaperActivity
ADDED from src/main/AndroidManifest.xml:270:9-273:39
	android:exported
		ADDED from src/main/AndroidManifest.xml:273:13-36
	android:configChanges
		ADDED from src/main/AndroidManifest.xml:272:13-71
	android:name
		ADDED from src/main/AndroidManifest.xml:271:13-71
activity#com.rockon999.android.tv.settings.device.display.daydream.DaydreamActivity
ADDED from src/main/AndroidManifest.xml:274:9-277:39
	android:exported
		ADDED from src/main/AndroidManifest.xml:277:13-36
	android:configChanges
		ADDED from src/main/AndroidManifest.xml:276:13-71
	android:name
		ADDED from src/main/AndroidManifest.xml:275:13-69
activity#com.rockon999.android.tv.settings.device.display.daydream.DaydreamVoiceAction
ADDED from src/main/AndroidManifest.xml:278:9-289:20
	android:exported
		ADDED from src/main/AndroidManifest.xml:280:13-36
	android:theme
		ADDED from src/main/AndroidManifest.xml:281:13-71
	android:name
		ADDED from src/main/AndroidManifest.xml:279:13-72
intent-filter#android.intent.category.DEFAULT+com.google.android.pano.action.SLEEP
ADDED from src/main/AndroidManifest.xml:282:13-288:29
action#com.google.android.pano.action.SLEEP
ADDED from src/main/AndroidManifest.xml:285:17-79
	android:name
		ADDED from src/main/AndroidManifest.xml:285:25-76
activity#com.rockon999.android.tv.settings.device.privacy.PrivacyActivity
ADDED from src/main/AndroidManifest.xml:290:9-301:20
	android:exported
		ADDED from src/main/AndroidManifest.xml:293:13-36
	android:configChanges
		ADDED from src/main/AndroidManifest.xml:292:13-71
	android:name
		ADDED from src/main/AndroidManifest.xml:291:13-59
intent-filter#android.intent.action.MAIN+android.intent.category.DEFAULT+android.intent.category.VOICE_LAUNCH+android.settings.PRIVACY_SETTINGS
ADDED from src/main/AndroidManifest.xml:294:13-300:29
action#android.settings.PRIVACY_SETTINGS
ADDED from src/main/AndroidManifest.xml:296:17-76
	android:name
		ADDED from src/main/AndroidManifest.xml:296:25-73
activity#com.rockon999.android.tv.settings.system.AccessibilityActivity
ADDED from src/main/AndroidManifest.xml:302:9-305:39
	android:exported
		ADDED from src/main/AndroidManifest.xml:305:13-36
	android:configChanges
		ADDED from src/main/AndroidManifest.xml:304:13-71
	android:name
		ADDED from src/main/AndroidManifest.xml:303:13-57
activity#com.rockon999.android.tv.settings.system.CaptionSetupActivity
ADDED from src/main/AndroidManifest.xml:306:9-315:20
	android:exported
		ADDED from src/main/AndroidManifest.xml:309:13-36
	android:configChanges
		ADDED from src/main/AndroidManifest.xml:308:13-71
	android:name
		ADDED from src/main/AndroidManifest.xml:307:13-56
intent-filter#android.intent.category.DEFAULT+android.settings.CAPTIONING_SETTINGS
ADDED from src/main/AndroidManifest.xml:310:13-314:29
action#android.settings.CAPTIONING_SETTINGS
ADDED from src/main/AndroidManifest.xml:311:17-79
	android:name
		ADDED from src/main/AndroidManifest.xml:311:25-76
activity#com.rockon999.android.tv.settings.system.DateTimeActivity
ADDED from src/main/AndroidManifest.xml:316:9-325:20
	android:exported
		ADDED from src/main/AndroidManifest.xml:319:13-36
	android:configChanges
		ADDED from src/main/AndroidManifest.xml:318:13-71
	android:name
		ADDED from src/main/AndroidManifest.xml:317:13-52
intent-filter#android.intent.category.DEFAULT+android.settings.DATE_SETTINGS
ADDED from src/main/AndroidManifest.xml:320:13-324:29
action#android.settings.DATE_SETTINGS
ADDED from src/main/AndroidManifest.xml:321:17-73
	android:name
		ADDED from src/main/AndroidManifest.xml:321:25-70
activity#com.rockon999.android.tv.settings.system.LocationActivity
ADDED from src/main/AndroidManifest.xml:326:9-335:20
	android:exported
		ADDED from src/main/AndroidManifest.xml:329:13-36
	android:configChanges
		ADDED from src/main/AndroidManifest.xml:328:13-71
	android:name
		ADDED from src/main/AndroidManifest.xml:327:13-52
intent-filter#android.intent.category.DEFAULT+com.google.android.gsf.GOOGLE_LOCATION_SETTINGS
ADDED from src/main/AndroidManifest.xml:330:13-334:29
action#com.google.android.gsf.GOOGLE_LOCATION_SETTINGS
ADDED from src/main/AndroidManifest.xml:331:17-90
	android:name
		ADDED from src/main/AndroidManifest.xml:331:25-87
activity#com.rockon999.android.tv.settings.system.DeveloperOptionsActivity
ADDED from src/main/AndroidManifest.xml:336:9-347:20
	android:exported
		ADDED from src/main/AndroidManifest.xml:339:13-36
	android:configChanges
		ADDED from src/main/AndroidManifest.xml:338:13-71
	android:name
		ADDED from src/main/AndroidManifest.xml:337:13-60
intent-filter#android.intent.action.MAIN+android.intent.category.DEFAULT+android.settings.APPLICATION_DEVELOPMENT_SETTINGS+com.android.settings.APPLICATION_DEVELOPMENT_SETTINGS
ADDED from src/main/AndroidManifest.xml:340:13-346:29
action#android.settings.APPLICATION_DEVELOPMENT_SETTINGS
ADDED from src/main/AndroidManifest.xml:342:17-92
	android:name
		ADDED from src/main/AndroidManifest.xml:342:25-89
action#com.android.settings.APPLICATION_DEVELOPMENT_SETTINGS
ADDED from src/main/AndroidManifest.xml:343:17-96
	android:name
		ADDED from src/main/AndroidManifest.xml:343:25-93
activity#com.rockon999.android.tv.settings.system.KeyboardActivity
ADDED from src/main/AndroidManifest.xml:348:9-359:20
	android:exported
		ADDED from src/main/AndroidManifest.xml:351:13-36
	android:configChanges
		ADDED from src/main/AndroidManifest.xml:350:13-71
	android:name
		ADDED from src/main/AndroidManifest.xml:349:13-52
intent-filter#android.intent.action.MAIN+android.intent.category.DEFAULT+android.intent.category.VOICE_LAUNCH+android.settings.INPUT_METHOD_SETTINGS
ADDED from src/main/AndroidManifest.xml:352:13-358:29
action#android.settings.INPUT_METHOD_SETTINGS
ADDED from src/main/AndroidManifest.xml:354:17-81
	android:name
		ADDED from src/main/AndroidManifest.xml:354:25-78
activity#com.rockon999.android.tv.settings.system.LanguageActivity
ADDED from src/main/AndroidManifest.xml:360:9-369:20
	android:exported
		ADDED from src/main/AndroidManifest.xml:363:13-36
	android:configChanges
		ADDED from src/main/AndroidManifest.xml:362:13-78
	android:name
		ADDED from src/main/AndroidManifest.xml:361:13-52
intent-filter#android.intent.category.DEFAULT+android.settings.LOCALE_SETTINGS
ADDED from src/main/AndroidManifest.xml:364:13-368:29
action#android.settings.LOCALE_SETTINGS
ADDED from src/main/AndroidManifest.xml:365:17-75
	android:name
		ADDED from src/main/AndroidManifest.xml:365:25-72
activity#com.rockon999.android.tv.settings.system.SecurityActivity
ADDED from src/main/AndroidManifest.xml:370:9-379:20
	android:exported
		ADDED from src/main/AndroidManifest.xml:373:13-36
	android:configChanges
		ADDED from src/main/AndroidManifest.xml:372:13-71
	android:name
		ADDED from src/main/AndroidManifest.xml:371:13-52
intent-filter#android.intent.category.DEFAULT+android.settings.SECURITY_SETTINGS
ADDED from src/main/AndroidManifest.xml:374:13-378:29
action#android.settings.SECURITY_SETTINGS
ADDED from src/main/AndroidManifest.xml:375:17-77
	android:name
		ADDED from src/main/AndroidManifest.xml:375:25-74
activity#com.rockon999.android.tv.settings.system.InputsActivity
ADDED from src/main/AndroidManifest.xml:380:9-383:39
	android:exported
		ADDED from src/main/AndroidManifest.xml:383:13-36
	android:configChanges
		ADDED from src/main/AndroidManifest.xml:382:13-71
	android:name
		ADDED from src/main/AndroidManifest.xml:381:13-50
activity#com.rockon999.android.tv.settings.system.InputsCustomLabelActivity
ADDED from src/main/AndroidManifest.xml:384:9-387:39
	android:exported
		ADDED from src/main/AndroidManifest.xml:387:13-36
	android:configChanges
		ADDED from src/main/AndroidManifest.xml:386:13-71
	android:name
		ADDED from src/main/AndroidManifest.xml:385:13-61
activity#com.rockon999.android.tv.settings.accessories.BluetoothAccessoryActivity
ADDED from src/main/AndroidManifest.xml:388:9-391:39
	android:exported
		ADDED from src/main/AndroidManifest.xml:391:13-36
	android:configChanges
		ADDED from src/main/AndroidManifest.xml:390:13-71
	android:name
		ADDED from src/main/AndroidManifest.xml:389:13-67
activity#com.rockon999.android.tv.settings.accessories.TestImeActivity
ADDED from src/main/AndroidManifest.xml:392:9-395:39
	android:exported
		ADDED from src/main/AndroidManifest.xml:395:13-36
	android:configChanges
		ADDED from src/main/AndroidManifest.xml:394:13-71
	android:name
		ADDED from src/main/AndroidManifest.xml:393:13-56
activity#com.rockon999.android.tv.settings.accessories.AddAccessoryActivity
ADDED from src/main/AndroidManifest.xml:396:9-406:20
	android:launchMode
		ADDED from src/main/AndroidManifest.xml:400:13-43
	android:exported
		ADDED from src/main/AndroidManifest.xml:399:13-36
	android:configChanges
		ADDED from src/main/AndroidManifest.xml:398:13-71
	android:name
		ADDED from src/main/AndroidManifest.xml:397:13-61
intent-filter#android.intent.category.DEFAULT+com.google.android.intent.action.CONNECT_INPUT
ADDED from src/main/AndroidManifest.xml:401:13-405:29
action#com.google.android.intent.action.CONNECT_INPUT
ADDED from src/main/AndroidManifest.xml:402:17-89
	android:name
		ADDED from src/main/AndroidManifest.xml:402:25-86
receiver#com.rockon999.android.tv.settings.accessories.BluetoothPairingRequest
ADDED from src/main/AndroidManifest.xml:408:9-412:20
	android:name
		ADDED from src/main/AndroidManifest.xml:408:19-70
intent-filter#android.bluetooth.device.action.PAIRING_REQUEST
ADDED from src/main/AndroidManifest.xml:409:13-411:29
action#android.bluetooth.device.action.PAIRING_REQUEST